<?xml version="1.0" encoding="UTF-8"?>
<!-- Generated by org.testng.reporters.JUnitReportReporter -->
<testsuite hostname="DELL3520I7" failures="0" tests="1" name="project_java_two.Myclass" time="0.006" errors="0" timestamp="2023-10-23T13:13:26 EET" skipped="0">
  <testcase classname="project_java_two.Myclass" name="myFirstTest" time="0.006"/>
  <system-out/>
</testsuite> <!-- project_java_two.Myclass -->
